<?xml version="1.0" encoding="UTF-8"?>
<testsuite xmlns:xsi="http://www.w3.org/2001/XMLSchema-instance" xsi:noNamespaceSchemaLocation="https://maven.apache.org/surefire/maven-surefire-plugin/xsd/surefire-test-report-3.0.xsd" version="3.0" name="TestSuite" time="57.032" tests="4" errors="0" skipped="0" failures="0">
  <properties>
    <property name="awt.toolkit" value="sun.lwawt.macosx.LWCToolkit"/>
    <property name="java.specification.version" value="12"/>
    <property name="sun.jnu.encoding" value="UTF-8"/>
    <property name="java.class.path" value="/Users/arcigo/Documents/Projects/NovaAutomationTesting/target/test-classes:/Users/arcigo/Documents/Projects/NovaAutomationTesting/target/classes:/Users/arcigo/.m2/repository/org/testng/testng/6.8/testng-6.8.jar:/Users/arcigo/.m2/repository/junit/junit/4.10/junit-4.10.jar:/Users/arcigo/.m2/repository/org/hamcrest/hamcrest-core/1.1/hamcrest-core-1.1.jar:/Users/arcigo/.m2/repository/org/beanshell/bsh/2.0b4/bsh-2.0b4.jar:/Users/arcigo/.m2/repository/com/beust/jcommander/1.27/jcommander-1.27.jar:/Users/arcigo/.m2/repository/org/yaml/snakeyaml/1.6/snakeyaml-1.6.jar:/Users/arcigo/.m2/repository/org/seleniumhq/selenium/selenium-chrome-driver/3.14.0/selenium-chrome-driver-3.14.0.jar:/Users/arcigo/.m2/repository/org/seleniumhq/selenium/selenium-api/3.14.0/selenium-api-3.14.0.jar:/Users/arcigo/.m2/repository/org/seleniumhq/selenium/selenium-remote-driver/3.14.0/selenium-remote-driver-3.14.0.jar:/Users/arcigo/.m2/repository/net/bytebuddy/byte-buddy/1.8.15/byte-buddy-1.8.15.jar:/Users/arcigo/.m2/repository/org/apache/commons/commons-exec/1.3/commons-exec-1.3.jar:/Users/arcigo/.m2/repository/commons-codec/commons-codec/1.10/commons-codec-1.10.jar:/Users/arcigo/.m2/repository/commons-logging/commons-logging/1.2/commons-logging-1.2.jar:/Users/arcigo/.m2/repository/com/google/guava/guava/25.0-jre/guava-25.0-jre.jar:/Users/arcigo/.m2/repository/com/google/code/findbugs/jsr305/1.3.9/jsr305-1.3.9.jar:/Users/arcigo/.m2/repository/org/checkerframework/checker-compat-qual/2.0.0/checker-compat-qual-2.0.0.jar:/Users/arcigo/.m2/repository/com/google/errorprone/error_prone_annotations/2.1.3/error_prone_annotations-2.1.3.jar:/Users/arcigo/.m2/repository/com/google/j2objc/j2objc-annotations/1.1/j2objc-annotations-1.1.jar:/Users/arcigo/.m2/repository/org/codehaus/mojo/animal-sniffer-annotations/1.14/animal-sniffer-annotations-1.14.jar:/Users/arcigo/.m2/repository/org/apache/httpcomponents/httpclient/4.5.5/httpclient-4.5.5.jar:/Users/arcigo/.m2/repository/org/apache/httpcomponents/httpcore/4.4.9/httpcore-4.4.9.jar:/Users/arcigo/.m2/repository/com/squareup/okhttp3/okhttp/3.10.0/okhttp-3.10.0.jar:/Users/arcigo/.m2/repository/com/squareup/okio/okio/1.14.1/okio-1.14.1.jar:/Users/arcigo/.m2/repository/org/seleniumhq/selenium/selenium-support/3.14.0/selenium-support-3.14.0.jar:"/>
    <property name="java.vm.vendor" value="Oracle Corporation"/>
    <property name="sun.arch.data.model" value="64"/>
    <property name="java.vendor.url" value="https://java.oracle.com/"/>
    <property name="os.name" value="Mac OS X"/>
    <property name="java.vm.specification.version" value="12"/>
    <property name="sun.java.launcher" value="SUN_STANDARD"/>
    <property name="user.country" value="MX"/>
    <property name="sun.boot.library.path" value="/Library/Java/JavaVirtualMachines/jdk-12.jdk/Contents/Home/lib"/>
    <property name="sun.java.command" value="/Users/arcigo/Documents/Projects/NovaAutomationTesting/target/surefire/surefirebooter17558824365368068595.jar /Users/arcigo/Documents/Projects/NovaAutomationTesting/target/surefire 2019-04-02T15-16-26_002-jvmRun1 surefire5248795355573479115tmp surefire_02269679649035669116tmp"/>
    <property name="http.nonProxyHosts" value="local|*.local|169.254/16|*.169.254/16"/>
    <property name="jdk.debug" value="release"/>
    <property name="surefire.test.class.path" value="/Users/arcigo/Documents/Projects/NovaAutomationTesting/target/test-classes:/Users/arcigo/Documents/Projects/NovaAutomationTesting/target/classes:/Users/arcigo/.m2/repository/org/testng/testng/6.8/testng-6.8.jar:/Users/arcigo/.m2/repository/junit/junit/4.10/junit-4.10.jar:/Users/arcigo/.m2/repository/org/hamcrest/hamcrest-core/1.1/hamcrest-core-1.1.jar:/Users/arcigo/.m2/repository/org/beanshell/bsh/2.0b4/bsh-2.0b4.jar:/Users/arcigo/.m2/repository/com/beust/jcommander/1.27/jcommander-1.27.jar:/Users/arcigo/.m2/repository/org/yaml/snakeyaml/1.6/snakeyaml-1.6.jar:/Users/arcigo/.m2/repository/org/seleniumhq/selenium/selenium-chrome-driver/3.14.0/selenium-chrome-driver-3.14.0.jar:/Users/arcigo/.m2/repository/org/seleniumhq/selenium/selenium-api/3.14.0/selenium-api-3.14.0.jar:/Users/arcigo/.m2/repository/org/seleniumhq/selenium/selenium-remote-driver/3.14.0/selenium-remote-driver-3.14.0.jar:/Users/arcigo/.m2/repository/net/bytebuddy/byte-buddy/1.8.15/byte-buddy-1.8.15.jar:/Users/arcigo/.m2/repository/org/apache/commons/commons-exec/1.3/commons-exec-1.3.jar:/Users/arcigo/.m2/repository/commons-codec/commons-codec/1.10/commons-codec-1.10.jar:/Users/arcigo/.m2/repository/commons-logging/commons-logging/1.2/commons-logging-1.2.jar:/Users/arcigo/.m2/repository/com/google/guava/guava/25.0-jre/guava-25.0-jre.jar:/Users/arcigo/.m2/repository/com/google/code/findbugs/jsr305/1.3.9/jsr305-1.3.9.jar:/Users/arcigo/.m2/repository/org/checkerframework/checker-compat-qual/2.0.0/checker-compat-qual-2.0.0.jar:/Users/arcigo/.m2/repository/com/google/errorprone/error_prone_annotations/2.1.3/error_prone_annotations-2.1.3.jar:/Users/arcigo/.m2/repository/com/google/j2objc/j2objc-annotations/1.1/j2objc-annotations-1.1.jar:/Users/arcigo/.m2/repository/org/codehaus/mojo/animal-sniffer-annotations/1.14/animal-sniffer-annotations-1.14.jar:/Users/arcigo/.m2/repository/org/apache/httpcomponents/httpclient/4.5.5/httpclient-4.5.5.jar:/Users/arcigo/.m2/repository/org/apache/httpcomponents/httpcore/4.4.9/httpcore-4.4.9.jar:/Users/arcigo/.m2/repository/com/squareup/okhttp3/okhttp/3.10.0/okhttp-3.10.0.jar:/Users/arcigo/.m2/repository/com/squareup/okio/okio/1.14.1/okio-1.14.1.jar:/Users/arcigo/.m2/repository/org/seleniumhq/selenium/selenium-support/3.14.0/selenium-support-3.14.0.jar:"/>
    <property name="sun.cpu.endian" value="little"/>
    <property name="user.home" value="/Users/arcigo"/>
    <property name="user.language" value="en"/>
    <property name="java.specification.vendor" value="Oracle Corporation"/>
    <property name="java.version.date" value="2019-03-19"/>
    <property name="java.home" value="/Library/Java/JavaVirtualMachines/jdk-12.jdk/Contents/Home"/>
    <property name="basedir" value="/Users/arcigo/Documents/Projects/NovaAutomationTesting"/>
    <property name="file.separator" value="/"/>
    <property name="java.vm.compressedOopsMode" value="Zero based"/>
    <property name="line.separator" value="&#10;"/>
    <property name="java.vm.specification.vendor" value="Oracle Corporation"/>
    <property name="java.specification.name" value="Java Platform API Specification"/>
    <property name="java.awt.graphicsenv" value="sun.awt.CGraphicsEnvironment"/>
    <property name="surefire.real.class.path" value="/Users/arcigo/Documents/Projects/NovaAutomationTesting/target/surefire/surefirebooter17558824365368068595.jar"/>
    <property name="sun.management.compiler" value="HotSpot 64-Bit Tiered Compilers"/>
    <property name="ftp.nonProxyHosts" value="local|*.local|169.254/16|*.169.254/16"/>
    <property name="java.runtime.version" value="12+33"/>
    <property name="user.name" value="arcigo"/>
    <property name="path.separator" value=":"/>
    <property name="os.version" value="10.14.4"/>
    <property name="java.runtime.name" value="Java(TM) SE Runtime Environment"/>
    <property name="file.encoding" value="UTF-8"/>
    <property name="java.vm.name" value="Java HotSpot(TM) 64-Bit Server VM"/>
    <property name="localRepository" value="/Users/arcigo/.m2/repository"/>
    <property name="java.vendor.url.bug" value="https://bugreport.java.com/bugreport/"/>
    <property name="java.io.tmpdir" value="/var/folders/vg/t27wqr910qg5c99h2kgzfmlr0000gq/T/"/>
    <property name="java.version" value="12"/>
    <property name="user.dir" value="/Users/arcigo/Documents/Projects/NovaAutomationTesting"/>
    <property name="os.arch" value="x86_64"/>
    <property name="java.vm.specification.name" value="Java Virtual Machine Specification"/>
    <property name="idea.version2019.1" value="true"/>
    <property name="java.library.path" value="/Users/arcigo/Library/Java/Extensions:/Library/Java/Extensions:/Network/Library/Java/Extensions:/System/Library/Java/Extensions:/usr/lib/java:."/>
    <property name="java.vm.info" value="mixed mode, sharing"/>
    <property name="java.vendor" value="Oracle Corporation"/>
    <property name="java.vm.version" value="12+33"/>
    <property name="sun.io.unicode.encoding" value="UnicodeBig"/>
    <property name="socksNonProxyHosts" value="local|*.local|169.254/16|*.169.254/16"/>
    <property name="java.class.version" value="56.0"/>
  </properties>
  <testcase name="LoginWithValidCredentials" classname="Tests.LoginTest" time="10.416"/>
  <testcase name="addActivity" classname="Tests.DashboardTest" time="12.7"/>
  <testcase name="getColsSizeOfCalendar" classname="Tests.DashboardTest" time="9.315"/>
  <testcase name="getDaysNameOfCalendar" classname="Tests.DashboardTest" time="16.82"/>
</testsuite>