<?xml version="1.0" encoding="UTF-8"?>
<!-- Generated by org.testng.reporters.JUnitReportReporter -->
<testsuite hostname="MBP-17-3376.local" failures="0" tests="3" name="Tests.DashboardTest" time="38.834" errors="0" timestamp="2 Apr 2019 21:17:23 GMT">
  <testcase classname="Tests.DashboardTest" name="addActivity" time="12.700"/>
  <testcase classname="Tests.DashboardTest" name="getDaysNameOfCalendar" time="16.819"/>
  <testcase classname="Tests.DashboardTest" name="getColsSizeOfCalendar" time="9.315"/>
</testsuite> <!-- Tests.DashboardTest -->
