<?xml version="1.0" encoding="UTF-8"?>
<!-- Generated by org.testng.reporters.JUnitReportReporter -->
<testsuite hostname="MBP-17-3376.local" failures="0" tests="1" name="Tests.LoginTest" time="10.413" errors="0" timestamp="2 Apr 2019 21:17:23 GMT">
  <testcase classname="Tests.LoginTest" name="LoginWithValidCredentials" time="10.413"/>
</testsuite> <!-- Tests.LoginTest -->
