<?xml version="1.0" encoding="UTF-8"?>
<!-- Generated by org.testng.reporters.JUnitReportReporter -->
<testsuite hostname="MBP-17-3435.local" failures="0" tests="1" name="Tests.LoginTest" time="14.788" errors="0" timestamp="28 Jun 2019 00:00:44 GMT">
  <testcase classname="Tests.LoginTest" name="LoginWithValidCredentials" time="14.788"/>
</testsuite> <!-- Tests.LoginTest -->
